appstream-glib
avahi
baobab
bash-completion 
blocaled
brasero 
bubblewrap
cantarell-fonts
cheese
chrome-gnome-shell
clutter
clutter-gst
clutter-gtk
cmark
cogl
colord
colord-gtk
devhelp
eog
epiphany
evince
evolution
evolution-data-server
exempi
file-roller 
flatpak
flatpak-builder
folks
gdm
gdm-settings
geoclue2
geocode-glib
gfbgraph
gitg 
gjs
gnome-applets
gnome-autoar
gnome-backgrounds
gnome-bluetooth
gnome-calculator
gnome-calendar
gnome-characters
gnome-color-manager
gnome-common
gnome-console
gnome-control-center
gnome-desktop
gnome-dictionary-master
gnome-disk-utility
gnome-shell-extension-appindicator
gnome-font-viewer
gnome-games
gnome-initial-setup
gnome-keyring
gnome-maps
gnome-menus
gnome-mines
gnome-music
gnome-nettool
gnome-online-accounts
gnome-panel
gnome-photos
gnome-remote-desktop
gnome-session
gnome-settings-daemon
gnome-shell
gnome-shell-extensions
gnome-system-monitor
gnome-text-editor
gnome-tweaks
gnome-user-docs
gnome-video-effects
gnome-weather
gom 
grilo
grilo-plugins
gsettings-desktop-schemas
gsound
gspell
gtk-vnc
gtk4
gtksourceview4
gtksourceview5
jq
libadwaita
libchamplain
libdaemon
libdazzle
libdmapsharing3
libgdata
libgnome-games-support
libgrss
libgusb
libgweather
libgweather4
libgxps
libhandy
libiptcdata
liblouis
libmanette
libmediaart
libnfs
libnma
liboauth
libpeas
libportal
libpst
libstemmer
libwpe
lua53
lxml
malcontent
mozjs91
mutter
nautilus
nautilus-code
nv-codec-headers
orca
ostree
p7zip 
pango
pcsc-lite
polkit
power-profiles-daemon
psutil
python-toml
python-wheel
python3-dbusmock 
qqwing 
rest
seahorse
sysprof 
template-glib
totem-pl-parser
tracker
tracker-miners3
typogrify
upower
vinagre
virglrenderer
webkit2gtk
wpebackend-fdo
xdg-dbus-proxy
xdg-desktop-portal-gnome
xdg-desktop-portal-gtk
yelp
yelp-tools
yelp-xsl
ytnef
zenity
