Cython
LibRaw
MPlayer
aspell
atkmm
# requires qt5 now:
#audacious
#audacious-plugins
blueman
cairomm
farstream
ffmpegthumbnailer
fltk
geeqie
#gftp
gimp
gkrellm
glibmm
gnuchess
gparted
gtkmm3
gucharmap
gv
hexchat
imagemagick
jansson
libcue
libgnt
libnice
libnma
libsigc++
libsigc++3
libsodium
libzip
lftp
mozilla-firefox
#mozilla-thunderbird
network-manager-applet
pangomm
pavucontrol
pidgin
polkit-gnome
python-cffi
python-pycparser
rdesktop
rxvt
rxvt-unicode
sane
#seamonkey
seamonkey-solibs
tigervnc
vid.stab
vim
vim-gvim
x11-ssh-askpass
x3270
xaos
#xfractint
xgames
xlockmore
xmms
#xpaint
xorriso
# Now needs qt:
#xpdf
# Needs gimp:
xsane
